<?xml version="1.0" encoding="UTF-8"?>
<!-- Generated by org.testng.reporters.JUnitReportReporter -->
<testsuite hostname="PC-20160810TGPH" name="com.zantao.uitest.loginTest" tests="2" failures="0" timestamp="12 Jun 2017 20:27:30 GMT" time="20.452" errors="0">
  <testcase name="LoginTest2" time="10.459" classname="com.zantao.uitest.loginTest"/>
  <testcase name="LoginTest1" time="9.993" classname="com.zantao.uitest.loginTest"/>
</testsuite> <!-- com.zantao.uitest.loginTest -->
