<?xml version="1.0" encoding="UTF-8"?>
<!-- Generated by org.testng.reporters.JUnitReportReporter -->
<testsuite hostname="PC-20160810TGPH" name="com.UItest.testBaidu" tests="3" failures="0" timestamp="5 Jun 2017 08:32:29 GMT" time="95.542" errors="0">
  <testcase name="test2" time="13.253" classname="com.UItest.testBaidu"/>
  <testcase name="test1" time="67.530" classname="com.UItest.testBaidu"/>
  <testcase name="test3" time="14.759" classname="com.UItest.testBaidu"/>
</testsuite> <!-- com.UItest.testBaidu -->
